#-----------------------------------------------------------
# Vivado v2019.1 (64-bit)
# SW Build 2552052 on Fri May 24 14:49:42 MDT 2019
# IP Build 2548770 on Fri May 24 18:01:18 MDT 2019
# Start of session at: Mon Nov 11 12:19:10 2019
# Process ID: 13488
# Current directory: C:/Users/Henrik/OneDrive/Github/TFE4141/tfe4141_rsa_integration_kit_2019/RSA_accelerator/RSA_accelerator
# Command line: vivado.exe -gui_launcher_event rodinguilauncherevent8184 C:\Users\Henrik\OneDrive\Github\TFE4141\tfe4141_rsa_integration_kit_2019\RSA_accelerator\RSA_accelerator\RSA_accelerator.xpr
# Log file: C:/Users/Henrik/OneDrive/Github/TFE4141/tfe4141_rsa_integration_kit_2019/RSA_accelerator/RSA_accelerator/vivado.log
# Journal file: C:/Users/Henrik/OneDrive/Github/TFE4141/tfe4141_rsa_integration_kit_2019/RSA_accelerator/RSA_accelerator\vivado.jou
#-----------------------------------------------------------
start_gui
open_project C:/Users/Henrik/OneDrive/Github/TFE4141/tfe4141_rsa_integration_kit_2019/RSA_accelerator/RSA_accelerator/RSA_accelerator.xpr
INFO: [ProjectBase 1-489] The host OS only allows 260 characters in a normal path. The project is stored in a path with more than 80 characters. If you experience issues with IP, Block Designs, or files not being found, please consider moving the project to a location with a shorter path. Alternately consider using the OS subst command to map part of the path to a drive letter.
Current project path is 'C:/Users/Henrik/OneDrive/Github/TFE4141/tfe4141_rsa_integration_kit_2019/RSA_accelerator/RSA_accelerator'
Scanning sources...
Finished scanning sources
INFO: [IP_Flow 19-234] Refreshing IP repositories
INFO: [IP_Flow 19-1700] Loaded user IP repository 'c:/Users/Henrik/OneDrive/Github/TFE4141/tfe4141_rsa_integration_kit_2019/RSA_accelerator/IP'.
INFO: [IP_Flow 19-2313] Loaded Vivado IP repository 'E:/randomprogramvare/xilinx/Vivado/2019.1/data/ip'.
open_project: Time (s): cpu = 00:00:10 ; elapsed = 00:00:12 . Memory (MB): peak = 672.102 ; gain = 53.672
update_compile_order -fileset sources_1
create_bd_design "design_1"
Wrote  : <C:\Users\Henrik\OneDrive\Github\TFE4141\tfe4141_rsa_integration_kit_2019\RSA_accelerator\RSA_accelerator\RSA_accelerator.srcs\sources_1\bd\design_1\design_1.bd> 
create_bd_design: Time (s): cpu = 00:00:10 ; elapsed = 00:00:11 . Memory (MB): peak = 798.871 ; gain = 71.020
update_compile_order -fileset sources_1
export_ip_user_files -of_objects  [get_files C:/Users/Henrik/OneDrive/Github/TFE4141/tfe4141_rsa_integration_kit_2019/RSA_accelerator/RSA_accelerator/RSA_accelerator.srcs/sources_1/bd/design_1/design_1.bd] -no_script -reset -force -quiet
remove_files  C:/Users/Henrik/OneDrive/Github/TFE4141/tfe4141_rsa_integration_kit_2019/RSA_accelerator/RSA_accelerator/RSA_accelerator.srcs/sources_1/bd/design_1/design_1.bd
file delete -force C:/Users/Henrik/OneDrive/Github/TFE4141/tfe4141_rsa_integration_kit_2019/RSA_accelerator/RSA_accelerator/RSA_accelerator.srcs/sources_1/bd/design_1
exit
INFO: [Common 17-206] Exiting Vivado at Mon Nov 11 12:34:30 2019...
