Vivado Simulator 2019.1
Copyright 1986-1999, 2001-2019 Xilinx, Inc. All Rights Reserved.
Running: C:/xilinx/Vivado/2019.1/bin/unwrapped/win64.o/xelab.exe -wto 261f82b552004845bb9b5c8d23af859e --incr --debug typical --relax --mt 2 -L xil_defaultlib -L secureip --snapshot Testbench_behav xil_defaultlib.Testbench -log elaborate.log 
Using 2 slave threads.
Starting static elaboration
Completed static elaboration
Starting simulation data flow analysis
Completed simulation data flow analysis
Time Resolution for simulation is 1ps
Compiling package std.standard
Compiling package std.textio
Compiling package ieee.std_logic_1164
Compiling package ieee.std_logic_textio
Compiling package ieee.numeric_std
Compiling architecture arch of entity xil_defaultlib.monpro [monpro_default]
Compiling architecture arch of entity xil_defaultlib.modexp [modexp_default]
Compiling architecture arch of entity xil_defaultlib.Exponentiation [\Exponentiation(number_of_cores=...]
Compiling architecture behavioral of entity xil_defaultlib.testbench_multicore [testbench_multicore_default]
Compiling architecture behavioral of entity xil_defaultlib.testbench
Built simulation snapshot Testbench_behav
